# JRE version: Java(TM) SE Runtime Environment (24.0.1+9) (build 24.0.1+9-30)
# Java VM: Java HotSpot(TM) 64-Bit Server VM (24.0.1+9-30, mixed mode, sharing, tiered, compressed oops, compressed class ptrs, g1 gc, windows-amd64)
GC Precious Log:
 CardTable entry size: 512
 Card Set container configuration: InlinePtr #cards 4 size 8 Array Of Cards #cards 16 size 48 Howl #buckets 8 coarsen threshold 3686 Howl Bitmap #cards 512 size 80 coarsen threshold 460 Card regions per heap region 1 cards per card region 4096
 CPUs: 12 total, 12 available
 Memory: 16328M
 Large Page Support: Disabled
 NUMA Support: Disabled
 Compressed Oops: Enabled (Zero based)
 Heap Region Size: 2M
 Heap Min Capacity: 8M
 Heap Initial Capacity: 256M
 Heap Max Capacity: 4084M
 Pre-touch: Disabled
 Parallel Workers: 10
 Concurrent Workers: 3
 Concurrent Refinement Workers: 10
 Periodic GC: Disabled
Heap:
 garbage-first heap   total reserved 4182016K, committed 647168K, used 278912K [0x0000000700c00000, 0x0000000800000000)
  region size 2048K, 52 young (106496K), 6 survivors (12288K)
 Metaspace       used 81344K, committed 82560K, reserved 1179648K
  class space    used 7749K, committed 8320K, reserved 1048576K
GC Heap History (20 events):
Event: 20.097 GC heap before
{Heap before GC invocations=47 (full 0):
 garbage-first heap   total reserved 4182016K, committed 323584K, used 283273K [0x0000000700c00000, 0x0000000800000000)
  region size 2048K, 47 young (96256K), 7 survivors (14336K)
 Metaspace       used 69679K, committed 70592K, reserved 1114112K
  class space    used 7038K, committed 7424K, reserved 1048576K
}
Event: 20.113 GC heap after
{Heap after GC invocations=48 (full 0):
 garbage-first heap   total reserved 4182016K, committed 647168K, used 218980K [0x0000000700c00000, 0x0000000800000000)
  region size 2048K, 6 young (12288K), 6 survivors (12288K)
 Metaspace       used 69679K, committed 70592K, reserved 1114112K
  class space    used 7038K, committed 7424K, reserved 1048576K
}
Event: 20.707 GC heap before
{Heap before GC invocations=49 (full 0):
 garbage-first heap   total reserved 4182016K, committed 647168K, used 495460K [0x0000000700c00000, 0x0000000800000000)
  region size 2048K, 140 young (286720K), 6 survivors (12288K)
 Metaspace       used 69709K, committed 70592K, reserved 1114112K
  class space    used 7041K, committed 7424K, reserved 1048576K
}
Event: 20.739 GC heap after
{Heap after GC invocations=50 (full 0):
 garbage-first heap   total reserved 4182016K, committed 647168K, used 266593K [0x0000000700c00000, 0x0000000800000000)
  region size 2048K, 18 young (36864K), 18 survivors (36864K)
 Metaspace       used 69709K, committed 70592K, reserved 1114112K
  class space    used 7041K, committed 7424K, reserved 1048576K
}
Event: 21.168 GC heap before
{Heap before GC invocations=50 (full 0):
 garbage-first heap   total reserved 4182016K, committed 647168K, used 479585K [0x0000000700c00000, 0x0000000800000000)
  region size 2048K, 122 young (249856K), 18 survivors (36864K)
 Metaspace       used 69768K, committed 70656K, reserved 1114112K
  class space    used 7041K, committed 7424K, reserved 1048576K
}
Event: 21.204 GC heap after
{Heap after GC invocations=51 (full 0):
 garbage-first heap   total reserved 4182016K, committed 647168K, used 302552K [0x0000000700c00000, 0x0000000800000000)
  region size 2048K, 16 young (32768K), 16 survivors (32768K)
 Metaspace       used 69768K, committed 70656K, reserved 1114112K
  class space    used 7041K, committed 7424K, reserved 1048576K
}
Event: 170.714 GC heap before
{Heap before GC invocations=51 (full 0):
 garbage-first heap   total reserved 4182016K, committed 647168K, used 511448K [0x0000000700c00000, 0x0000000800000000)
  region size 2048K, 118 young (241664K), 16 survivors (32768K)
 Metaspace       used 70871K, committed 71808K, reserved 1114112K
  class space    used 7065K, committed 7488K, reserved 1048576K
}
Event: 170.737 GC heap after
{Heap after GC invocations=52 (full 0):
 garbage-first heap   total reserved 4182016K, committed 647168K, used 314073K [0x0000000700c00000, 0x0000000800000000)
  region size 2048K, 6 young (12288K), 6 survivors (12288K)
 Metaspace       used 70871K, committed 71808K, reserved 1114112K
  class space    used 7065K, committed 7488K, reserved 1048576K
}
Event: 553.556 GC heap before
{Heap before GC invocations=53 (full 0):
 garbage-first heap   total reserved 4182016K, committed 647168K, used 533209K [0x0000000700c00000, 0x0000000800000000)
  region size 2048K, 114 young (233472K), 6 survivors (12288K)
 Metaspace       used 73532K, committed 74560K, reserved 1179648K
  class space    used 7152K, committed 7616K, reserved 1048576K
}
Event: 553.566 GC heap after
{Heap after GC invocations=54 (full 0):
 garbage-first heap   total reserved 4182016K, committed 647168K, used 316121K [0x0000000700c00000, 0x0000000800000000)
  region size 2048K, 8 young (16384K), 8 survivors (16384K)
 Metaspace       used 73532K, committed 74560K, reserved 1179648K
  class space    used 7152K, committed 7616K, reserved 1048576K
}
Event: 1679.465 GC heap before
{Heap before GC invocations=54 (full 0):
 garbage-first heap   total reserved 4182016K, committed 647168K, used 545497K [0x0000000700c00000, 0x0000000800000000)
  region size 2048K, 121 young (247808K), 8 survivors (16384K)
 Metaspace       used 74778K, committed 75776K, reserved 1179648K
  class space    used 7215K, committed 7680K, reserved 1048576K
}
Event: 1679.549 GC heap after
{Heap after GC invocations=55 (full 0):
 garbage-first heap   total reserved 4182016K, committed 647168K, used 316724K [0x0000000700c00000, 0x0000000800000000)
  region size 2048K, 10 young (20480K), 10 survivors (20480K)
 Metaspace       used 74778K, committed 75776K, reserved 1179648K
  class space    used 7215K, committed 7680K, reserved 1048576K
}
Event: 1967.499 GC heap before
{Heap before GC invocations=55 (full 0):
 garbage-first heap   total reserved 4182016K, committed 647168K, used 558388K [0x0000000700c00000, 0x0000000800000000)
  region size 2048K, 129 young (264192K), 10 survivors (20480K)
 Metaspace       used 76762K, committed 78016K, reserved 1179648K
  class space    used 7460K, committed 8064K, reserved 1048576K
}
Event: 1967.601 GC heap after
{Heap after GC invocations=56 (full 0):
 garbage-first heap   total reserved 4182016K, committed 647168K, used 326313K [0x0000000700c00000, 0x0000000800000000)
  region size 2048K, 11 young (22528K), 11 survivors (22528K)
 Metaspace       used 76762K, committed 78016K, reserved 1179648K
  class space    used 7460K, committed 8064K, reserved 1048576K
}
Event: 1975.135 GC heap before
{Heap before GC invocations=57 (full 0):
 garbage-first heap   total reserved 4182016K, committed 647168K, used 561833K [0x0000000700c00000, 0x0000000800000000)
  region size 2048K, 129 young (264192K), 11 survivors (22528K)
 Metaspace       used 79514K, committed 80704K, reserved 1179648K
  class space    used 7732K, committed 8320K, reserved 1048576K
}
Event: 1975.150 GC heap after
{Heap after GC invocations=58 (full 0):
 garbage-first heap   total reserved 4182016K, committed 647168K, used 319624K [0x0000000700c00000, 0x0000000800000000)
  region size 2048K, 9 young (18432K), 9 survivors (18432K)
 Metaspace       used 79514K, committed 80704K, reserved 1179648K
  class space    used 7732K, committed 8320K, reserved 1048576K
}
Event: 2208.402 GC heap before
{Heap before GC invocations=58 (full 0):
 garbage-first heap   total reserved 4182016K, committed 647168K, used 571528K [0x0000000700c00000, 0x0000000800000000)
  region size 2048K, 132 young (270336K), 9 survivors (18432K)
 Metaspace       used 80384K, committed 81600K, reserved 1179648K
  class space    used 7733K, committed 8320K, reserved 1048576K
}
Event: 2208.416 GC heap after
{Heap after GC invocations=59 (full 0):
 garbage-first heap   total reserved 4182016K, committed 647168K, used 252686K [0x0000000700c00000, 0x0000000800000000)
  region size 2048K, 8 young (16384K), 8 survivors (16384K)
 Metaspace       used 80384K, committed 81600K, reserved 1179648K
  class space    used 7733K, committed 8320K, reserved 1048576K
}
Event: 2214.296 GC heap before
{Heap before GC invocations=59 (full 0):
 garbage-first heap   total reserved 4182016K, committed 647168K, used 559886K [0x0000000700c00000, 0x0000000800000000)
  region size 2048K, 158 young (323584K), 8 survivors (16384K)
 Metaspace       used 81244K, committed 82432K, reserved 1179648K
  class space    used 7749K, committed 8320K, reserved 1048576K
}
Event: 2214.353 GC heap after
{Heap after GC invocations=60 (full 0):
 garbage-first heap   total reserved 4182016K, committed 647168K, used 186752K [0x0000000700c00000, 0x0000000800000000)
  region size 2048K, 6 young (12288K), 6 survivors (12288K)
 Metaspace       used 81244K, committed 82432K, reserved 1179648K
  class space    used 7749K, committed 8320K, reserved 1048576K
}

